This file contains any messages produced by compilers while
running configure, to aid debugging if configure makes a mistake.

It was created by libballistics configure 1.1.0, which was
generated by GNU Autoconf 2.61.  Invocation command line was

  $ ./configure 

## --------- ##
## Platform. ##
## --------- ##

hostname = linux-sen8
uname -m = x86_64
uname -r = 2.6.27.29-0.1-default
uname -s = Linux
uname -v = #1 SMP 2009-08-15 17:53:59 +0200

/usr/bin/uname -p = unknown
/bin/uname -X     = unknown

/bin/arch              = x86_64
/usr/bin/arch -k       = unknown
/usr/convex/getsysinfo = unknown
/usr/bin/hostinfo      = unknown
/bin/machine           = unknown
/usr/bin/oslevel       = unknown
/bin/universe          = unknown

PATH: /home/tom/bin
PATH: /usr/local/bin
PATH: /usr/bin
PATH: /bin
PATH: /usr/bin/X11
PATH: /usr/X11R6/bin
PATH: /usr/games
PATH: /usr/lib/mit/bin
PATH: /usr/lib/mit/sbin


## ----------- ##
## Core tests. ##
## ----------- ##

configure:1987: checking for a BSD-compatible install
configure:2043: result: /usr/bin/install -c
configure:2054: checking whether build environment is sane
configure:2097: result: yes
configure:2125: checking for a thread-safe mkdir -p
configure:2164: result: /bin/mkdir -p
configure:2177: checking for gawk
configure:2193: found /usr/bin/gawk
configure:2204: result: gawk
configure:2215: checking whether make sets $(MAKE)
configure:2236: result: yes
configure:2431: checking build system type
configure:2449: result: x86_64-unknown-linux-gnu
configure:2471: checking host system type
configure:2486: result: x86_64-unknown-linux-gnu
configure:2565: checking for gcc
configure:2581: found /usr/bin/gcc
configure:2592: result: gcc
configure:2830: checking for C compiler version
configure:2837: gcc --version >&5
gcc (SUSE Linux) 4.3.2 [gcc-4_3-branch revision 141291]
Copyright (C) 2008 Free Software Foundation, Inc.
This is free software; see the source for copying conditions.  There is NO
warranty; not even for MERCHANTABILITY or FITNESS FOR A PARTICULAR PURPOSE.

configure:2840: $? = 0
configure:2847: gcc -v >&5
Using built-in specs.
Target: x86_64-suse-linux
Configured with: ../configure --prefix=/usr --infodir=/usr/share/info --mandir=/usr/share/man --libdir=/usr/lib64 --libexecdir=/usr/lib64 --enable-languages=c,c++,objc,fortran,obj-c++,java,ada --enable-checking=release --with-gxx-include-dir=/usr/include/c++/4.3 --enable-ssp --disable-libssp --with-bugurl=http://bugs.opensuse.org/ --with-pkgversion='SUSE Linux' --disable-libgcj --disable-libmudflap --with-slibdir=/lib64 --with-system-zlib --enable-__cxa_atexit --enable-libstdcxx-allocator=new --disable-libstdcxx-pch --enable-version-specific-runtime-libs --program-suffix=-4.3 --enable-linux-futex --without-system-libunwind --with-cpu=generic --build=x86_64-suse-linux
Thread model: posix
gcc version 4.3.2 [gcc-4_3-branch revision 141291] (SUSE Linux) 
configure:2850: $? = 0
configure:2857: gcc -V >&5
gcc: '-V' option must have argument
configure:2860: $? = 1
configure:2883: checking for C compiler default output file name
configure:2910: gcc    conftest.c  >&5
configure:2913: $? = 0
configure:2951: result: a.out
configure:2968: checking whether the C compiler works
configure:2978: ./a.out
configure:2981: $? = 0
configure:2998: result: yes
configure:3005: checking whether we are cross compiling
configure:3007: result: no
configure:3010: checking for suffix of executables
configure:3017: gcc -o conftest    conftest.c  >&5
configure:3020: $? = 0
configure:3044: result: 
configure:3050: checking for suffix of object files
configure:3076: gcc -c   conftest.c >&5
configure:3079: $? = 0
configure:3102: result: o
configure:3106: checking whether we are using the GNU C compiler
configure:3135: gcc -c   conftest.c >&5
configure:3141: $? = 0
configure:3158: result: yes
configure:3163: checking whether gcc accepts -g
configure:3193: gcc -c -g  conftest.c >&5
configure:3199: $? = 0
configure:3298: result: yes
configure:3315: checking for gcc option to accept ISO C89
configure:3389: gcc  -c -g -O2  conftest.c >&5
configure:3395: $? = 0
configure:3418: result: none needed
configure:3447: checking for style of include used by make
configure:3475: result: GNU
configure:3500: checking dependency style of gcc
configure:3591: result: gcc3
configure:3679: checking for a sed that does not truncate output
configure:3733: result: /usr/bin/sed
configure:3736: checking for grep that handles long lines and -e
configure:3810: result: /usr/bin/grep
configure:3815: checking for egrep
configure:3893: result: /usr/bin/grep -E
configure:3909: checking for ld used by gcc
configure:3976: result: /usr/x86_64-suse-linux/bin/ld
configure:3985: checking if the linker (/usr/x86_64-suse-linux/bin/ld) is GNU ld
configure:4000: result: yes
configure:4005: checking for /usr/x86_64-suse-linux/bin/ld option to reload object files
configure:4012: result: -r
configure:4030: checking for BSD-compatible nm
configure:4079: result: /usr/bin/nm -B
configure:4083: checking whether ln -s works
configure:4087: result: yes
configure:4094: checking how to recognise dependent libraries
configure:4270: result: pass_all
configure:4358: gcc -c -g -O2  conftest.c >&5
configure:4361: $? = 0
configure:4504: checking how to run the C preprocessor
configure:4544: gcc -E  conftest.c
configure:4550: $? = 0
configure:4581: gcc -E  conftest.c
conftest.c:10:28: error: ac_nonexistent.h: No such file or directory
configure:4587: $? = 1
configure: failed program was:
| /* confdefs.h.  */
| #define PACKAGE_NAME "libballistics"
| #define PACKAGE_TARNAME "libballistics"
| #define PACKAGE_VERSION "1.1.0"
| #define PACKAGE_STRING "libballistics 1.1.0"
| #define PACKAGE_BUGREPORT "jonathan@zdziarski.com"
| #define PACKAGE "libballistics"
| #define VERSION "1.1.0"
| /* end confdefs.h.  */
| #include <ac_nonexistent.h>
configure:4620: result: gcc -E
configure:4649: gcc -E  conftest.c
configure:4655: $? = 0
configure:4686: gcc -E  conftest.c
conftest.c:10:28: error: ac_nonexistent.h: No such file or directory
configure:4692: $? = 1
configure: failed program was:
| /* confdefs.h.  */
| #define PACKAGE_NAME "libballistics"
| #define PACKAGE_TARNAME "libballistics"
| #define PACKAGE_VERSION "1.1.0"
| #define PACKAGE_STRING "libballistics 1.1.0"
| #define PACKAGE_BUGREPORT "jonathan@zdziarski.com"
| #define PACKAGE "libballistics"
| #define VERSION "1.1.0"
| /* end confdefs.h.  */
| #include <ac_nonexistent.h>
configure:4730: checking for ANSI C header files
configure:4760: gcc -c -g -O2  conftest.c >&5
configure:4766: $? = 0
configure:4865: gcc -o conftest -g -O2   conftest.c  >&5
configure:4868: $? = 0
configure:4874: ./conftest
configure:4877: $? = 0
configure:4894: result: yes
configure:4918: checking for sys/types.h
configure:4939: gcc -c -g -O2  conftest.c >&5
configure:4945: $? = 0
configure:4961: result: yes
configure:4918: checking for sys/stat.h
configure:4939: gcc -c -g -O2  conftest.c >&5
configure:4945: $? = 0
configure:4961: result: yes
configure:4918: checking for stdlib.h
configure:4939: gcc -c -g -O2  conftest.c >&5
configure:4945: $? = 0
configure:4961: result: yes
configure:4918: checking for string.h
configure:4939: gcc -c -g -O2  conftest.c >&5
configure:4945: $? = 0
configure:4961: result: yes
configure:4918: checking for memory.h
configure:4939: gcc -c -g -O2  conftest.c >&5
configure:4945: $? = 0
configure:4961: result: yes
configure:4918: checking for strings.h
configure:4939: gcc -c -g -O2  conftest.c >&5
configure:4945: $? = 0
configure:4961: result: yes
configure:4918: checking for inttypes.h
configure:4939: gcc -c -g -O2  conftest.c >&5
configure:4945: $? = 0
configure:4961: result: yes
configure:4918: checking for stdint.h
configure:4939: gcc -c -g -O2  conftest.c >&5
configure:4945: $? = 0
configure:4961: result: yes
configure:4918: checking for unistd.h
configure:4939: gcc -c -g -O2  conftest.c >&5
configure:4945: $? = 0
configure:4961: result: yes
configure:4988: checking dlfcn.h usability
configure:5005: gcc -c -g -O2  conftest.c >&5
configure:5011: $? = 0
configure:5025: result: yes
configure:5029: checking dlfcn.h presence
configure:5044: gcc -E  conftest.c
configure:5050: $? = 0
configure:5064: result: yes
configure:5097: checking for dlfcn.h
configure:5105: result: yes
configure:5176: checking for g++
configure:5206: result: no
configure:5176: checking for c++
configure:5206: result: no
configure:5176: checking for gpp
configure:5206: result: no
configure:5176: checking for aCC
configure:5206: result: no
configure:5176: checking for CC
configure:5206: result: no
configure:5176: checking for cxx
configure:5206: result: no
configure:5176: checking for cc++
configure:5206: result: no
configure:5176: checking for cl.exe
configure:5206: result: no
configure:5176: checking for FCC
configure:5206: result: no
configure:5176: checking for KCC
configure:5206: result: no
configure:5176: checking for RCC
configure:5206: result: no
configure:5176: checking for xlC_r
configure:5206: result: no
configure:5176: checking for xlC
configure:5206: result: no
configure:5234: checking for C++ compiler version
configure:5241: g++ --version >&5
./configure: line 5242: g++: command not found
configure:5244: $? = 127
configure:5251: g++ -v >&5
./configure: line 5252: g++: command not found
configure:5254: $? = 127
configure:5261: g++ -V >&5
./configure: line 5262: g++: command not found
configure:5264: $? = 127
configure:5267: checking whether we are using the GNU C++ compiler
configure:5296: g++ -c   conftest.cpp >&5
./configure: line 5297: g++: command not found
configure:5302: $? = 127
configure: failed program was:
| /* confdefs.h.  */
| #define PACKAGE_NAME "libballistics"
| #define PACKAGE_TARNAME "libballistics"
| #define PACKAGE_VERSION "1.1.0"
| #define PACKAGE_STRING "libballistics 1.1.0"
| #define PACKAGE_BUGREPORT "jonathan@zdziarski.com"
| #define PACKAGE "libballistics"
| #define VERSION "1.1.0"
| #define STDC_HEADERS 1
| #define HAVE_SYS_TYPES_H 1
| #define HAVE_SYS_STAT_H 1
| #define HAVE_STDLIB_H 1
| #define HAVE_STRING_H 1
| #define HAVE_MEMORY_H 1
| #define HAVE_STRINGS_H 1
| #define HAVE_INTTYPES_H 1
| #define HAVE_STDINT_H 1
| #define HAVE_UNISTD_H 1
| #define HAVE_DLFCN_H 1
| /* end confdefs.h.  */
| 
| int
| main ()
| {
| #ifndef __GNUC__
|        choke me
| #endif
| 
|   ;
|   return 0;
| }
configure:5319: result: no
configure:5324: checking whether g++ accepts -g
configure:5354: g++ -c -g  conftest.cpp >&5
./configure: line 5355: g++: command not found
configure:5360: $? = 127
configure: failed program was:
| /* confdefs.h.  */
| #define PACKAGE_NAME "libballistics"
| #define PACKAGE_TARNAME "libballistics"
| #define PACKAGE_VERSION "1.1.0"
| #define PACKAGE_STRING "libballistics 1.1.0"
| #define PACKAGE_BUGREPORT "jonathan@zdziarski.com"
| #define PACKAGE "libballistics"
| #define VERSION "1.1.0"
| #define STDC_HEADERS 1
| #define HAVE_SYS_TYPES_H 1
| #define HAVE_SYS_STAT_H 1
| #define HAVE_STDLIB_H 1
| #define HAVE_STRING_H 1
| #define HAVE_MEMORY_H 1
| #define HAVE_STRINGS_H 1
| #define HAVE_INTTYPES_H 1
| #define HAVE_STDINT_H 1
| #define HAVE_UNISTD_H 1
| #define HAVE_DLFCN_H 1
| /* end confdefs.h.  */
| 
| int
| main ()
| {
| 
|   ;
|   return 0;
| }
configure:5392: g++ -c   conftest.cpp >&5
./configure: line 5393: g++: command not found
configure:5398: $? = 127
configure: failed program was:
| /* confdefs.h.  */
| #define PACKAGE_NAME "libballistics"
| #define PACKAGE_TARNAME "libballistics"
| #define PACKAGE_VERSION "1.1.0"
| #define PACKAGE_STRING "libballistics 1.1.0"
| #define PACKAGE_BUGREPORT "jonathan@zdziarski.com"
| #define PACKAGE "libballistics"
| #define VERSION "1.1.0"
| #define STDC_HEADERS 1
| #define HAVE_SYS_TYPES_H 1
| #define HAVE_SYS_STAT_H 1
| #define HAVE_STDLIB_H 1
| #define HAVE_STRING_H 1
| #define HAVE_MEMORY_H 1
| #define HAVE_STRINGS_H 1
| #define HAVE_INTTYPES_H 1
| #define HAVE_STDINT_H 1
| #define HAVE_UNISTD_H 1
| #define HAVE_DLFCN_H 1
| /* end confdefs.h.  */
| 
| int
| main ()
| {
| 
|   ;
|   return 0;
| }
configure:5431: g++ -c -g  conftest.cpp >&5
./configure: line 5432: g++: command not found
configure:5437: $? = 127
configure: failed program was:
| /* confdefs.h.  */
| #define PACKAGE_NAME "libballistics"
| #define PACKAGE_TARNAME "libballistics"
| #define PACKAGE_VERSION "1.1.0"
| #define PACKAGE_STRING "libballistics 1.1.0"
| #define PACKAGE_BUGREPORT "jonathan@zdziarski.com"
| #define PACKAGE "libballistics"
| #define VERSION "1.1.0"
| #define STDC_HEADERS 1
| #define HAVE_SYS_TYPES_H 1
| #define HAVE_SYS_STAT_H 1
| #define HAVE_STDLIB_H 1
| #define HAVE_STRING_H 1
| #define HAVE_MEMORY_H 1
| #define HAVE_STRINGS_H 1
| #define HAVE_INTTYPES_H 1
| #define HAVE_STDINT_H 1
| #define HAVE_UNISTD_H 1
| #define HAVE_DLFCN_H 1
| /* end confdefs.h.  */
| 
| int
| main ()
| {
| 
|   ;
|   return 0;
| }
configure:5459: result: no
configure:5484: checking dependency style of g++
configure:5575: result: none
configure:5877: checking for g77
configure:5907: result: no
configure:5877: checking for xlf
configure:5907: result: no
configure:5877: checking for f77
configure:5907: result: no
configure:5877: checking for frt
configure:5907: result: no
configure:5877: checking for pgf77
configure:5907: result: no
configure:5877: checking for cf77
configure:5907: result: no
configure:5877: checking for fort77
configure:5907: result: no
configure:5877: checking for fl32
configure:5907: result: no
configure:5877: checking for af77
configure:5907: result: no
configure:5877: checking for xlf90
configure:5907: result: no
configure:5877: checking for f90
configure:5907: result: no
configure:5877: checking for pgf90
configure:5907: result: no
configure:5877: checking for pghpf
configure:5907: result: no
configure:5877: checking for epcf90
configure:5907: result: no
configure:5877: checking for gfortran
configure:5907: result: no
configure:5877: checking for g95
configure:5907: result: no
configure:5877: checking for xlf95
configure:5907: result: no
configure:5877: checking for f95
configure:5907: result: no
configure:5877: checking for fort
configure:5907: result: no
configure:5877: checking for ifort
configure:5907: result: no
configure:5877: checking for ifc
configure:5907: result: no
configure:5877: checking for efc
configure:5907: result: no
configure:5877: checking for pgf95
configure:5907: result: no
configure:5877: checking for lf95
configure:5907: result: no
configure:5877: checking for ftn
configure:5907: result: no
configure:5934: checking for Fortran 77 compiler version
configure:5941:  --version >&5
./configure: line 5942: --version: command not found
configure:5944: $? = 127
configure:5951:  -v >&5
./configure: line 5952: -v: command not found
configure:5954: $? = 127
configure:5961:  -V >&5
./configure: line 5962: -V: command not found
configure:5964: $? = 127
configure:5972: checking whether we are using the GNU Fortran 77 compiler
configure:5991:  -c  conftest.F >&5
./configure: line 5992: -c: command not found
configure:5997: $? = 127
configure: failed program was:
|       program main
| #ifndef __GNUC__
|        choke me
| #endif
| 
|       end
configure:6014: result: no
configure:6020: checking whether  accepts -g
configure:6037:  -c -g conftest.f >&5
./configure: line 6038: -c: command not found
configure:6043: $? = 127
configure: failed program was:
|       program main
| 
|       end
configure:6059: result: no
configure:6089: checking the maximum length of command line arguments
configure:6198: result: 32768
configure:6209: checking command to parse /usr/bin/nm -B output from gcc object
configure:6314: gcc -c -g -O2  conftest.c >&5
configure:6317: $? = 0
configure:6321: /usr/bin/nm -B conftest.o \| sed -n -e 's/^.*[ 	]\([ABCDGIRSTW][ABCDGIRSTW]*\)[ 	][ 	]*\([_A-Za-z][_A-Za-z0-9]*\)$/\1 \2 \2/p' \> conftest.nm
configure:6324: $? = 0
configure:6376: gcc -o conftest -g -O2   conftest.c conftstm.o >&5
configure:6379: $? = 0
configure:6417: result: ok
configure:6421: checking for objdir
configure:6436: result: .libs
configure:6528: checking for ar
configure:6544: found /usr/bin/ar
configure:6555: result: ar
configure:6624: checking for ranlib
configure:6640: found /usr/bin/ranlib
configure:6651: result: ranlib
configure:6720: checking for strip
configure:6736: found /usr/bin/strip
configure:6747: result: strip
configure:7033: checking if gcc supports -fno-rtti -fno-exceptions
configure:7051: gcc -c -g -O2  -fno-rtti -fno-exceptions conftest.c >&5
cc1: warning: command line option "-fno-rtti" is valid for C++/ObjC++ but not for C
configure:7055: $? = 0
configure:7068: result: no
configure:7083: checking for gcc option to produce PIC
configure:7293: result: -fPIC
configure:7301: checking if gcc PIC flag -fPIC works
configure:7319: gcc -c -g -O2  -fPIC -DPIC conftest.c >&5
configure:7323: $? = 0
configure:7336: result: yes
configure:7364: checking if gcc static flag -static works
configure:7392: result: yes
configure:7402: checking if gcc supports -c -o file.o
configure:7423: gcc -c -g -O2  -o out/conftest2.o conftest.c >&5
configure:7427: $? = 0
configure:7449: result: yes
configure:7475: checking whether the gcc linker (/usr/x86_64-suse-linux/bin/ld -m elf_x86_64) supports shared libraries
configure:8429: result: yes
configure:8450: checking whether -lc should be explicitly linked in
configure:8455: gcc -c -g -O2  conftest.c >&5
configure:8458: $? = 0
configure:8473: gcc -shared conftest.o  -v -Wl,-soname -Wl,conftest -o conftest 2\>\&1 \| grep  -lc  \>/dev/null 2\>\&1
configure:8476: $? = 0
configure:8488: result: no
configure:8496: checking dynamic linker characteristics
configure:9084: result: GNU/Linux ld.so
configure:9093: checking how to hardcode library paths into programs
configure:9118: result: immediate
configure:9132: checking whether stripping libraries is possible
configure:9137: result: yes
configure:9938: checking if libtool supports shared libraries
configure:9940: result: yes
configure:9943: checking whether to build shared libraries
configure:9964: result: yes
configure:9967: checking whether to build static libraries
configure:9971: result: yes
configure:10063: creating libtool
configure:19177: checking whether make sets $(MAKE)
configure:19198: result: yes
configure:19208: checking for inline
configure:19234: gcc -c -g -O2  conftest.c >&5
configure:19240: $? = 0
configure:19258: result: inline
configure:19285: checking for ISO C99 varargs macros in C
configure:19312: gcc -c -g -O2  conftest.c >&5
configure:19318: $? = 0
configure:19325: result: yes
configure:19354: checking for string.h
configure:19360: result: yes
configure:19509: checking math.h usability
configure:19526: gcc -c -g -O2  conftest.c >&5
configure:19532: $? = 0
configure:19546: result: yes
configure:19550: checking math.h presence
configure:19565: gcc -E  conftest.c
configure:19571: $? = 0
configure:19585: result: yes
configure:19618: checking for math.h
configure:19626: result: yes
configure:19654: checking sys/time.h usability
configure:19671: gcc -c -g -O2  conftest.c >&5
configure:19677: $? = 0
configure:19691: result: yes
configure:19695: checking sys/time.h presence
configure:19710: gcc -E  conftest.c
configure:19716: $? = 0
configure:19730: result: yes
configure:19763: checking for sys/time.h
configure:19771: result: yes
configure:19784: checking whether time.h and sys/time.h may both be included
configure:19814: gcc -c -g -O2  conftest.c >&5
configure:19820: $? = 0
configure:19835: result: yes
configure:19856: checking whether to enable debug output
configure:19882: result: no
configure:20018: creating ./config.status

## ---------------------- ##
## Running config.status. ##
## ---------------------- ##

This file was extended by libballistics config.status 1.1.0, which was
generated by GNU Autoconf 2.61.  Invocation command line was

  CONFIG_FILES    = 
  CONFIG_HEADERS  = 
  CONFIG_LINKS    = 
  CONFIG_COMMANDS = 
  $ ./config.status 

on linux-sen8

config.status:662: creating Makefile
config.status:662: creating src/Makefile
config.status:662: creating src/auto-config.h
config.status:941: executing depfiles commands

## ---------------- ##
## Cache variables. ##
## ---------------- ##

ac_cv_build=x86_64-unknown-linux-gnu
ac_cv_c_compiler_gnu=yes
ac_cv_c_inline=inline
ac_cv_cxx_compiler_gnu=no
ac_cv_env_CCC_set=
ac_cv_env_CCC_value=
ac_cv_env_CC_set=
ac_cv_env_CC_value=
ac_cv_env_CFLAGS_set=
ac_cv_env_CFLAGS_value=
ac_cv_env_CPPFLAGS_set=
ac_cv_env_CPPFLAGS_value=
ac_cv_env_CPP_set=
ac_cv_env_CPP_value=
ac_cv_env_CXXCPP_set=
ac_cv_env_CXXCPP_value=
ac_cv_env_CXXFLAGS_set=
ac_cv_env_CXXFLAGS_value=
ac_cv_env_CXX_set=
ac_cv_env_CXX_value=
ac_cv_env_F77_set=
ac_cv_env_F77_value=
ac_cv_env_FFLAGS_set=
ac_cv_env_FFLAGS_value=
ac_cv_env_LDFLAGS_set=
ac_cv_env_LDFLAGS_value=
ac_cv_env_LIBS_set=
ac_cv_env_LIBS_value=
ac_cv_env_build_alias_set=
ac_cv_env_build_alias_value=
ac_cv_env_host_alias_set=
ac_cv_env_host_alias_value=
ac_cv_env_target_alias_set=
ac_cv_env_target_alias_value=
ac_cv_f77_compiler_gnu=no
ac_cv_header_dlfcn_h=yes
ac_cv_header_inttypes_h=yes
ac_cv_header_math_h=yes
ac_cv_header_memory_h=yes
ac_cv_header_stdc=yes
ac_cv_header_stdint_h=yes
ac_cv_header_stdlib_h=yes
ac_cv_header_string_h=yes
ac_cv_header_strings_h=yes
ac_cv_header_sys_stat_h=yes
ac_cv_header_sys_time_h=yes
ac_cv_header_sys_types_h=yes
ac_cv_header_time=yes
ac_cv_header_unistd_h=yes
ac_cv_host=x86_64-unknown-linux-gnu
ac_cv_objext=o
ac_cv_path_EGREP='/usr/bin/grep -E'
ac_cv_path_GREP=/usr/bin/grep
ac_cv_path_install='/usr/bin/install -c'
ac_cv_path_mkdir=/bin/mkdir
ac_cv_prog_AWK=gawk
ac_cv_prog_CPP='gcc -E'
ac_cv_prog_ac_ct_AR=ar
ac_cv_prog_ac_ct_CC=gcc
ac_cv_prog_ac_ct_RANLIB=ranlib
ac_cv_prog_ac_ct_STRIP=strip
ac_cv_prog_cc_c89=
ac_cv_prog_cc_g=yes
ac_cv_prog_cxx_g=no
ac_cv_prog_f77_g=no
ac_cv_prog_make_make_set=yes
am_cv_CC_dependencies_compiler_type=gcc3
am_cv_CXX_dependencies_compiler_type=none
lt_cv_deplibs_check_method=pass_all
lt_cv_file_magic_cmd='$MAGIC_CMD'
lt_cv_file_magic_test_file=
lt_cv_ld_reload_flag=-r
lt_cv_objdir=.libs
lt_cv_path_LD=/usr/x86_64-suse-linux/bin/ld
lt_cv_path_NM='/usr/bin/nm -B'
lt_cv_path_SED=/usr/bin/sed
lt_cv_prog_compiler_c_o=yes
lt_cv_prog_compiler_rtti_exceptions=no
lt_cv_prog_gnu_ld=yes
lt_cv_sys_global_symbol_pipe='sed -n -e '\''s/^.*[ 	]\([ABCDGIRSTW][ABCDGIRSTW]*\)[ 	][ 	]*\([_A-Za-z][_A-Za-z0-9]*\)$/\1 \2 \2/p'\'''
lt_cv_sys_global_symbol_to_c_name_address='sed -n -e '\''s/^: \([^ ]*\) $/  {\"\1\", (lt_ptr) 0},/p'\'' -e '\''s/^[BCDEGRST] \([^ ]*\) \([^ ]*\)$/  {"\2", (lt_ptr) \&\2},/p'\'''
lt_cv_sys_global_symbol_to_cdecl='sed -n -e '\''s/^. .* \(.*\)$/extern int \1;/p'\'''
lt_cv_sys_max_cmd_len=32768
lt_lt_cv_prog_compiler_c_o='"yes"'
lt_lt_cv_sys_global_symbol_pipe='"sed -n -e '\''s/^.*[ 	]\\([ABCDGIRSTW][ABCDGIRSTW]*\\)[ 	][ 	]*\\([_A-Za-z][_A-Za-z0-9]*\\)\$/\\1 \\2 \\2/p'\''"'
lt_lt_cv_sys_global_symbol_to_c_name_address='"sed -n -e '\''s/^: \\([^ ]*\\) \$/  {\\\"\\1\\\", (lt_ptr) 0},/p'\'' -e '\''s/^[BCDEGRST] \\([^ ]*\\) \\([^ ]*\\)\$/  {\"\\2\", (lt_ptr) \\&\\2},/p'\''"'
lt_lt_cv_sys_global_symbol_to_cdecl='"sed -n -e '\''s/^. .* \\(.*\\)\$/extern int \\1;/p'\''"'

## ----------------- ##
## Output variables. ##
## ----------------- ##

ACLOCAL='${SHELL} /home/tom/Desktop/libballistics-1.1.0/missing --run aclocal-1.10'
AMDEPBACKSLASH='\'
AMDEP_FALSE='#'
AMDEP_TRUE=''
AMTAR='${SHELL} /home/tom/Desktop/libballistics-1.1.0/missing --run tar'
AR='ar'
AUTOCONF='${SHELL} /home/tom/Desktop/libballistics-1.1.0/missing --run autoconf'
AUTOHEADER='${SHELL} /home/tom/Desktop/libballistics-1.1.0/missing --run autoheader'
AUTOMAKE='${SHELL} /home/tom/Desktop/libballistics-1.1.0/missing --run automake-1.10'
AWK='gawk'
CC='gcc'
CCDEPMODE='depmode=gcc3'
CFLAGS='-g -O2'
CPP='gcc -E'
CPPFLAGS=''
CXX='g++'
CXXCPP=''
CXXDEPMODE='depmode=none'
CXXFLAGS=''
CYGPATH_W='echo'
DEFS='-DHAVE_CONFIG_H'
DEPDIR='.deps'
ECHO='echo'
ECHO_C=''
ECHO_N='-n'
ECHO_T=''
EGREP='/usr/bin/grep -E'
EXEEXT=''
F77=''
FFLAGS=''
GREP='/usr/bin/grep'
INSTALL_DATA='${INSTALL} -m 644'
INSTALL_PROGRAM='${INSTALL}'
INSTALL_SCRIPT='${INSTALL}'
INSTALL_STRIP_PROGRAM='$(install_sh) -c -s'
LDFLAGS=''
LIBOBJS=''
LIBS='-lm'
LIBTOOL='$(SHELL) $(top_builddir)/libtool'
LN_S='ln -s'
LTLIBOBJS=''
MAKEINFO='${SHELL} /home/tom/Desktop/libballistics-1.1.0/missing --run makeinfo'
OBJEXT='o'
PACKAGE='libballistics'
PACKAGE_BUGREPORT='jonathan@zdziarski.com'
PACKAGE_NAME='libballistics'
PACKAGE_STRING='libballistics 1.1.0'
PACKAGE_TARNAME='libballistics'
PACKAGE_VERSION='1.1.0'
PATH_SEPARATOR=':'
RANLIB='ranlib'
SET_MAKE=''
SHELL='/bin/sh'
STRIP='strip'
VERSION='1.1.0'
ac_ct_CC='gcc'
ac_ct_CXX=''
ac_ct_F77=''
am__fastdepCC_FALSE='#'
am__fastdepCC_TRUE=''
am__fastdepCXX_FALSE=''
am__fastdepCXX_TRUE='#'
am__include='include'
am__isrc=''
am__leading_dot='.'
am__quote=''
am__tar='${AMTAR} chof - "$$tardir"'
am__untar='${AMTAR} xf -'
bindir='${exec_prefix}/bin'
build='x86_64-unknown-linux-gnu'
build_alias=''
build_cpu='x86_64'
build_os='linux-gnu'
build_vendor='unknown'
datadir='${datarootdir}'
datarootdir='${prefix}/share'
docdir='${datarootdir}/doc/${PACKAGE_TARNAME}'
dvidir='${docdir}'
exec_prefix='${prefix}'
host='x86_64-unknown-linux-gnu'
host_alias=''
host_cpu='x86_64'
host_os='linux-gnu'
host_vendor='unknown'
htmldir='${docdir}'
includedir='${prefix}/include'
infodir='${datarootdir}/info'
install_sh='$(SHELL) /home/tom/Desktop/libballistics-1.1.0/install-sh'
libdir='${exec_prefix}/lib'
libexecdir='${exec_prefix}/libexec'
localedir='${datarootdir}/locale'
localstatedir='${prefix}/var'
mandir='${datarootdir}/man'
mkdir_p='/bin/mkdir -p'
oldincludedir='/usr/include'
pdfdir='${docdir}'
prefix='/usr/local'
program_transform_name='s,x,x,'
psdir='${docdir}'
sbindir='${exec_prefix}/sbin'
sharedstatedir='${prefix}/com'
sysconfdir='${prefix}/etc'
target_alias=''

## ----------- ##
## confdefs.h. ##
## ----------- ##

#define PACKAGE_NAME "libballistics"
#define PACKAGE_TARNAME "libballistics"
#define PACKAGE_VERSION "1.1.0"
#define PACKAGE_STRING "libballistics 1.1.0"
#define PACKAGE_BUGREPORT "jonathan@zdziarski.com"
#define PACKAGE "libballistics"
#define VERSION "1.1.0"
#define STDC_HEADERS 1
#define HAVE_SYS_TYPES_H 1
#define HAVE_SYS_STAT_H 1
#define HAVE_STDLIB_H 1
#define HAVE_STRING_H 1
#define HAVE_MEMORY_H 1
#define HAVE_STRINGS_H 1
#define HAVE_INTTYPES_H 1
#define HAVE_STDINT_H 1
#define HAVE_UNISTD_H 1
#define HAVE_DLFCN_H 1
#define CONFIGURE_ARGS "/usr/local/share/config.site /usr/local/etc/config.site"
#define HAVE_ISO_VARARGS 1
#define HAVE_STRING_H 1
#define HAVE_MATH_H 1
#define HAVE_SYS_TIME_H 1
#define TIME_WITH_SYS_TIME 1

configure: exit 0
